<?xml version="1.0" encoding="UTF-8"?>
<testsuite name="db.client.app.core.ClientInteractorUnitTest" tests="1" skipped="0" failures="0" errors="0" timestamp="2018-05-10T18:58:12" hostname="travis-job-zevsnoe-alternate-mong-377414113.travisci.net" time="0.002">
  <properties/>
  <testcase name="interactionFailed" classname="db.client.app.core.ClientInteractorUnitTest" time="0.002"/>
  <system-out><![CDATA[]]></system-out>
  <system-err><![CDATA[]]></system-err>
</testsuite>
