<?xml version="1.0" encoding="UTF-8"?>
<testsuite name="db.client.adapter.MongoQueryAdapterUnitTest" tests="1" skipped="0" failures="0" errors="0" timestamp="2018-05-10T18:57:54" hostname="travis-job-zevsnoe-alternate-mong-377414113.travisci.net" time="0.002">
  <properties/>
  <testcase name="adoptFailed" classname="db.client.adapter.MongoQueryAdapterUnitTest" time="0.002"/>
  <system-out><![CDATA[]]></system-out>
  <system-err><![CDATA[]]></system-err>
</testsuite>
