<?xml version="1.0" encoding="UTF-8"?>
<testsuite name="db.client.api.ApplicationTests" tests="1" skipped="0" failures="0" errors="0" timestamp="2018-05-10T21:06:57" hostname="travis-job-zevsnoe-alternate-mong-377463532.travisci.net" time="0.082">
  <properties/>
  <testcase name="contextLoads" classname="db.client.api.ApplicationTests" time="0.082"/>
  <system-out><![CDATA[21:06:51.944 [Test worker] DEBUG org.springframework.test.context.junit4.SpringJUnit4ClassRunner - SpringJUnit4ClassRunner constructor called with [class db.client.api.ApplicationTests]
21:06:51.952 [Test worker] DEBUG org.springframework.test.context.BootstrapUtils - Instantiating CacheAwareContextLoaderDelegate from class [org.springframework.test.context.cache.DefaultCacheAwareContextLoaderDelegate]
21:06:51.961 [Test worker] DEBUG org.springframework.test.context.BootstrapUtils - Instantiating BootstrapContext using constructor [public org.springframework.test.context.support.DefaultBootstrapContext(java.lang.Class,org.springframework.test.context.CacheAwareContextLoaderDelegate)]
21:06:51.981 [Test worker] DEBUG org.springframework.test.context.BootstrapUtils - Instantiating TestContextBootstrapper for test class [db.client.api.ApplicationTests] from class [org.springframework.boot.test.context.SpringBootTestContextBootstrapper]
21:06:51.994 [Test worker] INFO org.springframework.boot.test.context.SpringBootTestContextBootstrapper - Neither @ContextConfiguration nor @ContextHierarchy found for test class [db.client.api.ApplicationTests], using SpringBootContextLoader
21:06:51.998 [Test worker] DEBUG org.springframework.test.context.support.AbstractContextLoader - Did not detect default resource location for test class [db.client.api.ApplicationTests]: class path resource [db/client/api/ApplicationTests-context.xml] does not exist
21:06:51.999 [Test worker] DEBUG org.springframework.test.context.support.AbstractContextLoader - Did not detect default resource location for test class [db.client.api.ApplicationTests]: class path resource [db/client/api/ApplicationTestsContext.groovy] does not exist
21:06:52.000 [Test worker] INFO org.springframework.test.context.support.AbstractContextLoader - Could not detect default resource locations for test class [db.client.api.ApplicationTests]: no resource found for suffixes {-context.xml, Context.groovy}.
21:06:52.001 [Test worker] INFO org.springframework.test.context.support.AnnotationConfigContextLoaderUtils - Could not detect default configuration classes for test class [db.client.api.ApplicationTests]: ApplicationTests does not declare any static, non-private, non-final, nested classes annotated with @Configuration.
21:06:52.044 [Test worker] DEBUG org.springframework.test.context.support.ActiveProfilesUtils - Could not find an 'annotation declaring class' for annotation type [org.springframework.test.context.ActiveProfiles] and class [db.client.api.ApplicationTests]
21:06:52.052 [Test worker] DEBUG org.springframework.core.env.StandardEnvironment - Adding PropertySource 'systemProperties' with lowest search precedence
21:06:52.053 [Test worker] DEBUG org.springframework.core.env.StandardEnvironment - Adding PropertySource 'systemEnvironment' with lowest search precedence
21:06:52.054 [Test worker] DEBUG org.springframework.core.env.StandardEnvironment - Initialized StandardEnvironment with PropertySources [MapPropertySource@529761816 {name='systemProperties', properties={java.runtime.name=Java(TM) SE Runtime Environment, sun.boot.library.path=/usr/lib/jvm/java-8-oracle/jre/lib/amd64, java.vm.version=25.151-b12, java.vm.vendor=Oracle Corporation, java.vendor.url=http://java.oracle.com/, path.separator=:, java.vm.name=Java HotSpot(TM) 64-Bit Server VM, file.encoding.pkg=sun.io, sun.java.launcher=SUN_STANDARD, user.country=US, sun.os.patch.level=unknown, java.vm.specification.name=Java Virtual Machine Specification, user.dir=/home/travis/build/zevsnoe/alternate-mongo-client/api, java.runtime.version=1.8.0_151-b12, java.awt.graphicsenv=sun.awt.X11GraphicsEnvironment, java.endorsed.dirs=/usr/lib/jvm/java-8-oracle/jre/lib/endorsed, os.arch=amd64, java.io.tmpdir=/tmp, line.separator=
, java.vm.specification.vendor=Oracle Corporation, user.variant=, os.name=Linux, sun.jnu.encoding=UTF-8, java.library.path=/usr/java/packages/lib/amd64:/usr/lib64:/lib64:/lib:/usr/lib, java.specification.name=Java Platform API Specification, java.class.version=52.0, org.gradle.native=false, sun.management.compiler=HotSpot 64-Bit Tiered Compilers, os.version=4.14.12-041412-generic, user.home=/home/travis, user.timezone=UTC, java.awt.printerjob=sun.print.PSPrinterJob, file.encoding=UTF-8, java.specification.version=1.8, java.class.path=/home/travis/build/zevsnoe/alternate-mongo-client/api/build/classes/java/test:/home/travis/build/zevsnoe/alternate-mongo-client/api/build/resources/test:/home/travis/build/zevsnoe/alternate-mongo-client/api/build/classes/java/main:/home/travis/build/zevsnoe/alternate-mongo-client/api/build/resources/main:/home/travis/build/zevsnoe/alternate-mongo-client/app/build/libs/app-0.0.1-SNAPSHOT.jar:/home/travis/.gradle/caches/modules-2/files-2.1/org.springframework.boot/spring-boot-starter-web/2.0.1.RELEASE/88751ed76791d12425ce5a80476baf1749a44cf4/spring-boot-starter-web-2.0.1.RELEASE.jar:/home/travis/.gradle/caches/modules-2/files-2.1/org.springframework.boot/spring-boot-starter-integration/2.0.1.RELEASE/c600fe655d3020fbba851ed345cdfdf89bcd863f/spring-boot-starter-integration-2.0.1.RELEASE.jar:/home/travis/.gradle/caches/modules-2/files-2.1/io.springfox/springfox-swagger2/2.4.0/c6919bdec913eb5e8204a7757cf86f34201f6aac/springfox-swagger2-2.4.0.jar:/home/travis/.gradle/caches/modules-2/files-2.1/io.springfox/springfox-swagger-ui/2.4.0/1205fbe70fbbcf6c87b3059a45772e56d8ce6615/springfox-swagger-ui-2.4.0.jar:/home/travis/.gradle/caches/modules-2/files-2.1/org.springframework.boot/spring-boot-devtools/2.0.1.RELEASE/4286336d5897811de4f776e8491cfeddc42d2c13/spring-boot-devtools-2.0.1.RELEASE.jar:/home/travis/.gradle/caches/modules-2/files-2.1/org.springframework.boot/spring-boot-starter-test/2.0.1.RELEASE/d6204ede44fa7e1df01d25509837bfa4b767fa28/spring-boot-starter-test-2.0.1.RELEASE.jar:/home/travis/.gradle/caches/modules-2/files-2.1/junit/junit/4.12/2973d150c0dc1fefe998f834810d68f278ea58ec/junit-4.12.jar:/home/travis/.gradle/caches/modules-2/files-2.1/org.mongodb/mongodb-driver/3.6.3/d462fcc4640ac69b35e7cd2491e992c6bdf82862/mongodb-driver-3.6.3.jar:/home/travis/build/zevsnoe/alternate-mongo-client/adapter/build/libs/adapter-0.0.1-SNAPSHOT.jar:/home/travis/.gradle/caches/modules-2/files-2.1/org.springframework/spring-webmvc/5.0.5.RELEASE/a7fd53c7ad06b0fa7dd4ff347de1b2dc508739e/spring-webmvc-5.0.5.RELEASE.jar:/home/travis/.gradle/caches/modules-2/files-2.1/org.springframework.integration/spring-integration-core/5.0.4.RELEASE/40b9d49d62d317eee0c271cbfcc7dee2b56b2faa/spring-integration-core-5.0.4.RELEASE.jar:/home/travis/.gradle/caches/modules-2/files-2.1/io.springfox/springfox-swagger-common/2.4.0/8fe40ed5b97575890c82a04511e57f4c089c9a7b/springfox-swagger-common-2.4.0.jar:/home/travis/.gradle/caches/modules-2/files-2.1/io.springfox/springfox-spring-web/2.4.0/3cbfea59cc9eec05f278e68d1cbf85de98bab563/springfox-spring-web-2.4.0.jar:/home/travis/.gradle/caches/modules-2/files-2.1/io.springfox/springfox-schema/2.4.0/5ccdc3f47cf6b888bcf8fd2c127a9dc7b68057d7/springfox-schema-2.4.0.jar:/home/travis/.gradle/caches/modules-2/files-2.1/io.springfox/springfox-spi/2.4.0/c822599f794e24f3b9350cde430e848d80032306/springfox-spi-2.4.0.jar:/home/travis/.gradle/caches/modules-2/files-2.1/io.springfox/springfox-core/2.4.0/e11854b8ede27b6eafa56c29e08e6a0e7ac4c278/springfox-core-2.4.0.jar:/home/travis/.gradle/caches/modules-2/files-2.1/org.springframework.plugin/spring-plugin-metadata/1.2.0.RELEASE/97223fc496b6cab31602eedbd4202aa4fff0d44f/spring-plugin-metadata-1.2.0.RELEASE.jar:/home/travis/.gradle/caches/modules-2/files-2.1/org.springframework.plugin/spring-plugin-core/1.2.0.RELEASE/f380e7760032e7d929184f8ad8a33716b75c0657/spring-plugin-core-1.2.0.RELEASE.jar:/home/travis/.gradle/caches/modules-2/files-2.1/org.springframework.boot/spring-boot-starter-json/2.0.1.RELEASE/f2e1aeeb1ac02bfa1b4f7254633484af1866fc65/spring-boot-starter-json-2.0.1.RELEASE.jar:/home/travis/.gradle/caches/modules-2/files-2.1/org.springframework.boot/spring-boot-starter-aop/2.0.1.RELEASE/c7f7b5b5e63edca2fb04899d13d8bad83377b4b3/spring-boot-starter-aop-2.0.1.RELEASE.jar:/home/travis/.gradle/caches/modules-2/files-2.1/org.springframework.boot/spring-boot-starter/2.0.1.RELEASE/33abc1286b0aabea4f08ff4285d09e587835a716/spring-boot-starter-2.0.1.RELEASE.jar:/home/travis/.gradle/caches/modules-2/files-2.1/org.springframework.boot/spring-boot-test-autoconfigure/2.0.1.RELEASE/c7a68c07f2a04323a67740f91d20818ec2e783b3/spring-boot-test-autoconfigure-2.0.1.RELEASE.jar:/home/travis/.gradle/caches/modules-2/files-2.1/org.springframework.boot/spring-boot-autoconfigure/2.0.1.RELEASE/b0bf9d34ed70c6987a86cd58a009065e5fa02545/spring-boot-autoconfigure-2.0.1.RELEASE.jar:/home/travis/.gradle/caches/modules-2/files-2.1/org.springframework.boot/spring-boot-test/2.0.1.RELEASE/77cede07b0e9da6c87d0dabcfe3e53ac56747d73/spring-boot-test-2.0.1.RELEASE.jar:/home/travis/.gradle/caches/modules-2/files-2.1/org.springframework.boot/spring-boot/2.0.1.RELEASE/b8c5b14cbb0e52fdded8f98a8c1493cc74c7cf59/spring-boot-2.0.1.RELEASE.jar:/home/travis/.gradle/caches/modules-2/files-2.1/org.springframework/spring-context/5.0.5.RELEASE/9cca4bf5acb693249a01c218f471c677b951d6e2/spring-context-5.0.5.RELEASE.jar:/home/travis/.gradle/caches/modules-2/files-2.1/net.sf.jsqlparser/jsqlparser/0.8.0/313147ab42eb1f07584ed4aea7218f903f18a86d/jsqlparser-0.8.0.jar:/home/travis/.gradle/caches/modules-2/files-2.1/org.springframework.boot/spring-boot-starter-tomcat/2.0.1.RELEASE/4b46f4aaff6c8a5a1c8184996d5e9e8a9354db8d/spring-boot-starter-tomcat-2.0.1.RELEASE.jar:/home/travis/.gradle/caches/modules-2/files-2.1/org.hibernate.validator/hibernate-validator/6.0.9.Final/b149e4cce82379f11f6129eb3187ca8ae5404005/hibernate-validator-6.0.9.Final.jar:/home/travis/.gradle/caches/modules-2/files-2.1/org.springframework/spring-web/5.0.5.RELEASE/d51dbb5cabe72ae02e400577bac48f7fc94088de/spring-web-5.0.5.RELEASE.jar:/home/travis/.gradle/caches/modules-2/files-2.1/io.swagger/swagger-models/1.5.6/e5c36321b8bbd1e4f10858b5ceededdeeb4844e1/swagger-models-1.5.6.jar:/home/travis/.gradle/caches/modules-2/files-2.1/io.swagger/swagger-annotations/1.5.6/feb5c3bbf4d4c16b24bcccef23d234451e95abf3/swagger-annotations-1.5.6.jar:/home/travis/.gradle/caches/modules-2/files-2.1/com.google.guava/guava/18.0/cce0823396aa693798f8882e64213b1772032b09/guava-18.0.jar:/home/travis/.gradle/caches/modules-2/files-2.1/com.fasterxml/classmate/1.3.4/3d5f48f10bbe4eb7bd862f10c0583be2e0053c6/classmate-1.3.4.jar:/home/travis/.gradle/caches/modules-2/files-2.1/com.jayway.jsonpath/json-path/2.4.0/765a4401ceb2dc8d40553c2075eb80a8fa35c2ae/json-path-2.4.0.jar:/home/travis/.gradle/caches/modules-2/files-2.1/org.springframework.boot/spring-boot-starter-logging/2.0.1.RELEASE/10681a28c95e9f9c0159327a1ed0c860517c7ad7/spring-boot-starter-logging-2.0.1.RELEASE.jar:/home/travis/.gradle/caches/modules-2/files-2.1/ch.qos.logback/logback-classic/1.2.3/7c4f3c474fb2c041d8028740440937705ebb473a/logback-classic-1.2.3.jar:/home/travis/.gradle/caches/modules-2/files-2.1/org.apache.logging.log4j/log4j-to-slf4j/2.10.0/f7e631ccf49cfc0aefa4a2a728da7d374c05bd3c/log4j-to-slf4j-2.10.0.jar:/home/travis/.gradle/caches/modules-2/files-2.1/org.slf4j/jul-to-slf4j/1.7.25/af5364cd6679bfffb114f0dec8a157aaa283b76/jul-to-slf4j-1.7.25.jar:/home/travis/.gradle/caches/modules-2/files-2.1/org.slf4j/slf4j-api/1.7.25/da76ca59f6a57ee3102f8f9bd9cee742973efa8a/slf4j-api-1.7.25.jar:/home/travis/.gradle/caches/modules-2/files-2.1/org.hamcrest/hamcrest-library/1.3/4785a3c21320980282f9f33d0d1264a69040538f/hamcrest-library-1.3.jar:/home/travis/.gradle/caches/modules-2/files-2.1/org.hamcrest/hamcrest-core/1.3/42a25dc3219429f0e5d060061f71acb49bf010a0/hamcrest-core-1.3.jar:/home/travis/.gradle/caches/modules-2/files-2.1/org.assertj/assertj-core/3.9.1/c5ce126b15f28d56cd8f960c1a6a058b9c9aea87/assertj-core-3.9.1.jar:/home/travis/.gradle/caches/modules-2/files-2.1/org.mockito/mockito-core/2.15.0/b84bfbbc29cd22c9529409627af6ea2897f4fa85/mockito-core-2.15.0.jar:/home/travis/.gradle/caches/modules-2/files-2.1/org.skyscreamer/jsonassert/1.5.0/6c9d5fe2f59da598d9aefc1cfc6528ff3cf32df3/jsonassert-1.5.0.jar:/home/travis/.gradle/caches/modules-2/files-2.1/org.springframework/spring-test/5.0.5.RELEASE/f7e3b83447e54056a91de1294ae6888343648dff/spring-test-5.0.5.RELEASE.jar:/home/travis/.gradle/caches/modules-2/files-2.1/org.springframework/spring-messaging/5.0.5.RELEASE/9429853341e4206640e11125db854b5708dd0a38/spring-messaging-5.0.5.RELEASE.jar:/home/travis/.gradle/caches/modules-2/files-2.1/org.springframework/spring-tx/5.0.5.RELEASE/b772fbba533da282adc89f33e2619ee8a8bba601/spring-tx-5.0.5.RELEASE.jar:/home/travis/.gradle/caches/modules-2/files-2.1/org.springframework/spring-aop/5.0.5.RELEASE/b11b61b94d7fb752a1c9bf3461d655c3084fae47/spring-aop-5.0.5.RELEASE.jar:/home/travis/.gradle/caches/modules-2/files-2.1/org.springframework/spring-beans/5.0.5.RELEASE/984445863c0bbdaaf860615762d998b471a6bf92/spring-beans-5.0.5.RELEASE.jar:/home/travis/.gradle/caches/modules-2/files-2.1/org.springframework/spring-expression/5.0.5.RELEASE/fc6c7a95aeb7d00f4c65c338b08d97767eb0dd99/spring-expression-5.0.5.RELEASE.jar:/home/travis/.gradle/caches/modules-2/files-2.1/org.springframework/spring-core/5.0.5.RELEASE/1bd9feb1d9dac6accd27f5244b6c47cfcb55045c/spring-core-5.0.5.RELEASE.jar:/home/travis/.gradle/caches/modules-2/files-2.1/org.xmlunit/xmlunit-core/2.5.1/4ffdb346572a7356f7521cd3119ce5287d2e339d/xmlunit-core-2.5.1.jar:/home/travis/.gradle/caches/modules-2/files-2.1/org.mongodb/mongodb-driver-core/3.6.3/f2c41ad5349cdb65a6f7bde16f5ebae9a0dbe5f5/mongodb-driver-core-3.6.3.jar:/home/travis/.gradle/caches/modules-2/files-2.1/org.mongodb/bson/3.6.3/6c85ddf1fc96eb8776213bef6665d005a564ecd3/bson-3.6.3.jar:/home/travis/.gradle/caches/modules-2/files-2.1/javax.annotation/javax.annotation-api/1.3.2/934c04d3cfef185a8008e7bf34331b79730a9d43/javax.annotation-api-1.3.2.jar:/home/travis/.gradle/caches/modules-2/files-2.1/org.yaml/snakeyaml/1.19/2d998d3d674b172a588e54ab619854d073f555b5/snakeyaml-1.19.jar:/home/travis/.gradle/caches/modules-2/files-2.1/com.fasterxml.jackson.datatype/jackson-datatype-jdk8/2.9.5/23e37f085279ba316c0df923513b81609e1d1f6/jackson-datatype-jdk8-2.9.5.jar:/home/travis/.gradle/caches/modules-2/files-2.1/com.fasterxml.jackson.datatype/jackson-datatype-jsr310/2.9.5/d1f0d11e816bc04e222a261106ca138801841c2d/jackson-datatype-jsr310-2.9.5.jar:/home/travis/.gradle/caches/modules-2/files-2.1/com.fasterxml.jackson.module/jackson-module-parameter-names/2.9.5/f824c60751ffb7bfc3a0d30dfe0e42317d8e67f5/jackson-module-parameter-names-2.9.5.jar:/home/travis/.gradle/caches/modules-2/files-2.1/com.fasterxml.jackson.core/jackson-databind/2.9.5/3490508379d065fe3fcb80042b62f630f7588606/jackson-databind-2.9.5.jar:/home/travis/.gradle/caches/modules-2/files-2.1/org.apache.tomcat.embed/tomcat-embed-websocket/8.5.29/37786f4ca8a1597a91a0f437e659a76d1fcc5bf1/tomcat-embed-websocket-8.5.29.jar:/home/travis/.gradle/caches/modules-2/files-2.1/org.apache.tomcat.embed/tomcat-embed-core/8.5.29/51eac5adde4bc019261b787cb99e5548206908e6/tomcat-embed-core-8.5.29.jar:/home/travis/.gradle/caches/modules-2/files-2.1/org.apache.tomcat.embed/tomcat-embed-el/8.5.29/893fb2c87ec1aa248a7911d76c0c06b3fca6bc9b/tomcat-embed-el-8.5.29.jar:/home/travis/.gradle/caches/modules-2/files-2.1/javax.validation/validation-api/2.0.1.Final/cb855558e6271b1b32e716d24cb85c7f583ce09e/validation-api-2.0.1.Final.jar:/home/travis/.gradle/caches/modules-2/files-2.1/org.jboss.logging/jboss-logging/3.3.2.Final/3789d00e859632e6c6206adc0c71625559e6e3b0/jboss-logging-3.3.2.Final.jar:/home/travis/.gradle/caches/modules-2/files-2.1/org.aspectj/aspectjweaver/1.8.13/ad94df2a28d658a40dc27bbaff6a1ce5fbf04e9b/aspectjweaver-1.8.13.jar:/home/travis/.gradle/caches/modules-2/files-2.1/org.springframework.retry/spring-retry/1.2.2.RELEASE/638928732585c450e461f0a132b6834ad7cf3af0/spring-retry-1.2.2.RELEASE.jar:/home/travis/.gradle/caches/modules-2/files-2.1/io.projectreactor/reactor-core/3.1.6.RELEASE/64dfad0f0a0e9022c949d678106d53f083b66d05/reactor-core-3.1.6.RELEASE.jar:/home/travis/.gradle/caches/modules-2/files-2.1/com.fasterxml.jackson.core/jackson-annotations/2.9.0/7c10d545325e3a6e72e06381afe469fd40eb701/jackson-annotations-2.9.0.jar:/home/travis/.gradle/caches/modules-2/files-2.1/net.minidev/json-smart/2.3/7396407491352ce4fa30de92efb158adb76b5b/json-smart-2.3.jar:/home/travis/.gradle/caches/modules-2/files-2.1/net.bytebuddy/byte-buddy/1.7.11/f02857a4e2c66ccbe7aaad6100a0a6c461bce9b3/byte-buddy-1.7.11.jar:/home/travis/.gradle/caches/modules-2/files-2.1/net.bytebuddy/byte-buddy-agent/1.7.11/b425a8933ca07edd03c6dbc8bc3b595fba9780de/byte-buddy-agent-1.7.11.jar:/home/travis/.gradle/caches/modules-2/files-2.1/org.objenesis/objenesis/2.6/639033469776fd37c08358c6b92a4761feb2af4b/objenesis-2.6.jar:/home/travis/.gradle/caches/modules-2/files-2.1/com.vaadin.external.google/android-json/0.0.20131108.vaadin1/fa26d351fe62a6a17f5cda1287c1c6110dec413f/android-json-0.0.20131108.vaadin1.jar:/home/travis/.gradle/caches/modules-2/files-2.1/org.springframework/spring-jcl/5.0.5.RELEASE/f4a2854b9d865e8b86717595aec16f877f8c6489/spring-jcl-5.0.5.RELEASE.jar:/home/travis/.gradle/caches/modules-2/files-2.1/com.fasterxml.jackson.core/jackson-core/2.9.5/a22ac51016944b06fd9ffbc9541c6e7ce5eea117/jackson-core-2.9.5.jar:/home/travis/.gradle/caches/modules-2/files-2.1/org.reactivestreams/reactive-streams/1.0.2/323964c36556eb0e6209f65c1cef72b53b461ab8/reactive-streams-1.0.2.jar:/home/travis/.gradle/caches/modules-2/files-2.1/net.minidev/accessors-smart/1.2/c592b500269bfde36096641b01238a8350f8aa31/accessors-smart-1.2.jar:/home/travis/.gradle/caches/modules-2/files-2.1/ch.qos.logback/logback-core/1.2.3/864344400c3d4d92dfeb0a305dc87d953677c03c/logback-core-1.2.3.jar:/home/travis/.gradle/caches/modules-2/files-2.1/org.apache.logging.log4j/log4j-api/2.10.0/fec5797a55b786184a537abd39c3fa1449d752d6/log4j-api-2.10.0.jar:/home/travis/.gradle/caches/modules-2/files-2.1/org.ow2.asm/asm/5.0.4/da08b8cce7bbf903602a25a3a163ae252435795/asm-5.0.4.jar, user.name=travis, java.vm.specification.version=1.8, sun.java.command=worker.org.gradle.process.internal.worker.GradleWorkerMain 'Gradle Test Executor 2', java.home=/usr/lib/jvm/java-8-oracle/jre, sun.arch.data.model=64, user.language=en, java.specification.vendor=Oracle Corporation, awt.toolkit=sun.awt.X11.XToolkit, java.vm.info=mixed mode, java.version=1.8.0_151, java.ext.dirs=/usr/lib/jvm/java-8-oracle/jre/lib/ext:/usr/java/packages/lib/ext, sun.boot.class.path=/usr/lib/jvm/java-8-oracle/jre/lib/resources.jar:/usr/lib/jvm/java-8-oracle/jre/lib/rt.jar:/usr/lib/jvm/java-8-oracle/jre/lib/sunrsasign.jar:/usr/lib/jvm/java-8-oracle/jre/lib/jsse.jar:/usr/lib/jvm/java-8-oracle/jre/lib/jce.jar:/usr/lib/jvm/java-8-oracle/jre/lib/charsets.jar:/usr/lib/jvm/java-8-oracle/jre/lib/jfr.jar:/usr/lib/jvm/java-8-oracle/jre/classes, java.vendor=Oracle Corporation, org.gradle.test.worker=2, file.separator=/, java.vendor.url.bug=http://bugreport.sun.com/bugreport/, sun.io.unicode.encoding=UnicodeLittle, sun.cpu.endian=little, sun.cpu.isalist=}}, SystemEnvironmentPropertySource@587884782 {name='systemEnvironment', properties={PYENV_SHELL=bash, container=docker, IRBRC=/home/travis/.rvm/rubies/ruby-2.4.1/.irbrc, PATH=/usr/lib/jvm/java-8-oracle/bin:/home/travis/bin:/home/travis/.local/bin:/opt/pyenv/shims:/home/travis/.phpenv/shims:/home/travis/perl5/perlbrew/bin:/home/travis/.kiex/elixirs/elixir-1.4.5/bin:/home/travis/.kiex/bin:/home/travis/gopath/bin:/home/travis/.gimme/versions/go1.7.4.linux.amd64/bin:/usr/local/phantomjs/bin:/usr/local/phantomjs:/usr/local/neo4j-3.2.7/bin:/usr/local/maven-3.5.2/bin:/usr/local/cmake-3.9.2/bin:/usr/local/clang-5.0.0/bin:/home/travis/.nvm/versions/node/v8.9.1/bin:/home/travis/.rvm/gems/ruby-2.4.1/bin:/home/travis/.rvm/gems/ruby-2.4.1@global/bin:/home/travis/.rvm/rubies/ruby-2.4.1/bin:/usr/local/sbin:/usr/local/bin:/usr/sbin:/usr/bin:/sbin:/bin:/home/travis/.rvm/bin:/home/travis/.phpenv/bin:/opt/pyenv/bin:/home/travis/.yarn/bin, TRAVIS_TAG=, HISTCONTROL=ignoredups:ignorespace, TRAVIS_PRE_CHEF_BOOTSTRAP_TIME=2017-12-05T19:33:30, TRAVIS_ALLOW_FAILURE=false, TRAVIS_OS_NAME=linux, rvm_loaded_flag=1, TRAVIS_COMMIT_MESSAGE=build script, ELIXIR_VERSION=1.4.5, TRAVIS_EVENT_TYPE=push, rvm_version=1.29.3 (latest), PWD=/home/travis/build/zevsnoe/alternate-mongo-client, TRAVIS_OSX_IMAGE=, HAS_ANTARES_THREE_LITTLE_FRONZIES_BADGE=true, NVM_CD_FLAGS=, TRAVIS_SECURE_ENV_VARS=true, PYTHON_CFLAGS=-g -fstack-protector --param=ssp-buffer-size=4 -Wformat -Werror=format-security, PAGER=cat, MY_RUBY_HOME=/home/travis/.rvm/rubies/ruby-2.4.1, MYSQL_UNIX_PORT=/var/run/mysqld/mysqld.sock, PERLBREW_BASHRC_VERSION=0.80, JDK_SWITCHER_DEFAULT=oraclejdk8, rvm_path=/home/travis/.rvm, LC_ALL=en_US.UTF-8, MIX_ARCHIVES=/home/travis/.kiex/mix/elixir-1.4.5, SHLVL=1, PYTHON_CONFIGURE_OPTS=--enable-unicode=ucs4 --with-wide-unicode --enable-shared --enable-ipv6 --enable-loadable-sqlite-extensions --with-computed-gotos, HISTSIZE=1000, JAVA_HOME=/usr/lib/jvm/java-8-oracle, TERM=dumb, TRAVIS_JOB_NUMBER=14.1, RACK_ENV=test, MERB_ENV=test, TRAVIS_UID=2000, TRAVIS_LANGUAGE=java, TRAVIS_BRANCH=master, _=./gradlew, TRAVIS=true, CI=true, TRAVIS_FILTERED=pty, SECRET_0=956178f7265881c0f98504bd9209ee44f2208d62, TRAVIS_STACK_NAME=garnet, PERLBREW_HOME=/home/travis/.perlbrew, TRAVIS_STACK_JOB_BOARD_REGISTER=/.job-board-register.yml, TRAVIS_COMMIT_RANGE=3f9e7c2412df...9890fab463d7, TRAVIS_STACK_TIMESTAMP=2017-12-05 19:33:46 UTC, GOROOT=/home/travis/.gimme/versions/go1.7.4.linux.amd64, TRAVIS_PULL_REQUEST_SHA=, rvm_stored_umask=0022, TRAVIS_COMMIT=9890fab463d7d14454d150e32e1d7ff010326711, TRAVIS_REPO_SLUG=zevsnoe/alternate-mongo-client, TRAVIS_BUILD_STAGE_NAME=, GEM_PATH=/home/travis/.rvm/gems/ruby-2.4.1:/home/travis/.rvm/gems/ruby-2.4.1@global, NLSPATH=/usr/dt/lib/nls/msg/%L/%N.cat, PERLBREW_ROOT=/home/travis/perl5/perlbrew, NVM_BIN=/home/travis/.nvm/versions/node/v8.9.1/bin, TZ=UTC, TRAVIS_JOB_ID=377463532, RBENV_SHELL=bash, TRAVIS_PULL_REQUEST_BRANCH=, TRAVIS_SUDO=false, TRAVIS_JDK_VERSION=oraclejdk8, PS1=${debian_chroot:+($debian_chroot)}\u@\h:\w\$ , PS4=+, TRAVIS_STACK_FEATURES=basic cassandra chromium couchdb disabled-ipv6 docker docker-compose elasticsearch firefox go-toolchain google-chrome jdk memcached mongodb mysql neo4j nodejs_interpreter perl_interpreter perlbrew phantomjs postgresql python_interpreter rabbitmq redis riak ruby_interpreter sqlite xserver, GIT_ASKPASS=echo, rvm_user_install_flag=1, RAILS_ENV=test, COMPOSER_NO_INTERACTION=1, SHELL=/bin/bash, GITHUB_TOKEN=956178f7265881c0f98504bd9209ee44f2208d62, PYENV_ROOT=/opt/pyenv, OLDPWD=/home/travis/build/zevsnoe/alternate-mongo-client, GOPATH=/home/travis/gopath, GEM_HOME=/home/travis/.rvm/gems/ruby-2.4.1, TRAVIS_STACK_NODE_ATTRIBUTES=/.node-attributes.yml, CONTINUOUS_INTEGRATION=true, RUBY_VERSION=ruby-2.4.1, DEBIAN_FRONTEND=noninteractive, _system_name=Ubuntu, _JAVA_OPTIONS=-Xmx2048m -Xms512m, TRAVIS_BUILD_NUMBER=14, HAS_JOSH_K_SEAL_OF_APPROVAL=true, _system_arch=x86_64, MANPATH=/home/travis/.nvm/versions/node/v8.9.1/share/man:/home/travis/.kiex/elixirs/elixir-1.4.5/man:/home/travis/.rvm/rubies/ruby-2.4.1/share/man:/usr/local/man:/usr/local/cmake-3.9.2/man:/usr/local/clang-5.0.0/share/man:/usr/local/share/man:/usr/share/man:/home/travis/.rvm/man, TRAVIS_STACK_LANGUAGES=__garnet__ c c++ clojure cplusplus cpp default go groovy java node_js php pure_java python ruby scala, rvm_bin_path=/home/travis/.rvm/bin, TRAVIS_BUILD_ID=377463531, rvm_prefix=/home/travis, XFILESEARCHPATH=/usr/dt/app-defaults/%L/Dt, LANG=en_US.UTF-8, TRAVIS_PULL_REQUEST=false, HISTFILESIZE=2000, JRUBY_OPTS= --client -J-XX:+TieredCompilation -J-XX:TieredStopAtLevel=1 -J-Xss2m -Xcompile.invokedynamic=false, TRAVIS_PULL_REQUEST_SLUG=, NVM_DIR=/home/travis/.nvm, _system_type=Linux, TRAVIS_BUILD_DIR=/home/travis/build/zevsnoe/alternate-mongo-client, _system_version=14.04, USER=travis, HOSTNAME=travis-job-zevsnoe-alternate-mong-377463532, HOME=/home/travis, MALLOC_ARENA_MAX=2}}]
21:06:52.071 [Test worker] DEBUG org.springframework.core.io.support.PathMatchingResourcePatternResolver - Resolved classpath location [db/client/api/] to resources [URL [file:/home/travis/build/zevsnoe/alternate-mongo-client/api/build/classes/java/test/db/client/api/], URL [file:/home/travis/build/zevsnoe/alternate-mongo-client/api/build/classes/java/main/db/client/api/]]
21:06:52.072 [Test worker] DEBUG org.springframework.core.io.support.PathMatchingResourcePatternResolver - Looking for matching resources in directory tree [/home/travis/build/zevsnoe/alternate-mongo-client/api/build/classes/java/test/db/client/api]
21:06:52.073 [Test worker] DEBUG org.springframework.core.io.support.PathMatchingResourcePatternResolver - Searching directory [/home/travis/build/zevsnoe/alternate-mongo-client/api/build/classes/java/test/db/client/api] for files matching pattern [/home/travis/build/zevsnoe/alternate-mongo-client/api/build/classes/java/test/db/client/api/*.class]
21:06:52.076 [Test worker] DEBUG org.springframework.core.io.support.PathMatchingResourcePatternResolver - Looking for matching resources in directory tree [/home/travis/build/zevsnoe/alternate-mongo-client/api/build/classes/java/main/db/client/api]
21:06:52.076 [Test worker] DEBUG org.springframework.core.io.support.PathMatchingResourcePatternResolver - Searching directory [/home/travis/build/zevsnoe/alternate-mongo-client/api/build/classes/java/main/db/client/api] for files matching pattern [/home/travis/build/zevsnoe/alternate-mongo-client/api/build/classes/java/main/db/client/api/*.class]
21:06:52.077 [Test worker] DEBUG org.springframework.core.io.support.PathMatchingResourcePatternResolver - Resolved location pattern [classpath*:db/client/api/*.class] to resources [file [/home/travis/build/zevsnoe/alternate-mongo-client/api/build/classes/java/test/db/client/api/ApplicationTests.class], file [/home/travis/build/zevsnoe/alternate-mongo-client/api/build/classes/java/main/db/client/api/Application.class], file [/home/travis/build/zevsnoe/alternate-mongo-client/api/build/classes/java/main/db/client/api/SwaggerConfig.class], file [/home/travis/build/zevsnoe/alternate-mongo-client/api/build/classes/java/main/db/client/api/WebMvcConfiguration.class]]
21:06:52.130 [Test worker] DEBUG org.springframework.context.annotation.ClassPathScanningCandidateComponentProvider - Identified candidate component class: file [/home/travis/build/zevsnoe/alternate-mongo-client/api/build/classes/java/main/db/client/api/Application.class]
21:06:52.137 [Test worker] INFO org.springframework.boot.test.context.SpringBootTestContextBootstrapper - Found @SpringBootConfiguration db.client.api.Application for test class db.client.api.ApplicationTests
21:06:52.278 [Test worker] DEBUG org.springframework.boot.test.context.SpringBootTestContextBootstrapper - @TestExecutionListeners is not present for class [db.client.api.ApplicationTests]: using defaults.
21:06:52.278 [Test worker] INFO org.springframework.boot.test.context.SpringBootTestContextBootstrapper - Loaded default TestExecutionListener class names from location [META-INF/spring.factories]: [org.springframework.boot.test.autoconfigure.restdocs.RestDocsTestExecutionListener, org.springframework.boot.test.autoconfigure.web.client.MockRestServiceServerResetTestExecutionListener, org.springframework.boot.test.autoconfigure.web.servlet.MockMvcPrintOnlyOnFailureTestExecutionListener, org.springframework.boot.test.autoconfigure.web.servlet.WebDriverTestExecutionListener, org.springframework.boot.test.mock.mockito.MockitoTestExecutionListener, org.springframework.boot.test.mock.mockito.ResetMocksTestExecutionListener, org.springframework.test.context.web.ServletTestExecutionListener, org.springframework.test.context.support.DirtiesContextBeforeModesTestExecutionListener, org.springframework.test.context.support.DependencyInjectionTestExecutionListener, org.springframework.test.context.support.DirtiesContextTestExecutionListener, org.springframework.test.context.transaction.TransactionalTestExecutionListener, org.springframework.test.context.jdbc.SqlScriptsTestExecutionListener]
21:06:52.395 [Test worker] INFO org.springframework.boot.test.context.SpringBootTestContextBootstrapper - Using TestExecutionListeners: [org.springframework.test.context.web.ServletTestExecutionListener@6a572eb1, org.springframework.test.context.support.DirtiesContextBeforeModesTestExecutionListener@3e36da46, org.springframework.boot.test.mock.mockito.MockitoTestExecutionListener@3c0fd7ca, org.springframework.boot.test.autoconfigure.SpringBootDependencyInjectionTestExecutionListener@5305bb72, org.springframework.test.context.support.DirtiesContextTestExecutionListener@742505, org.springframework.test.context.transaction.TransactionalTestExecutionListener@8183ba7, org.springframework.test.context.jdbc.SqlScriptsTestExecutionListener@4aeb0ce9, org.springframework.boot.test.autoconfigure.restdocs.RestDocsTestExecutionListener@34cbf0ed, org.springframework.boot.test.autoconfigure.web.client.MockRestServiceServerResetTestExecutionListener@15b6b77c, org.springframework.boot.test.autoconfigure.web.servlet.MockMvcPrintOnlyOnFailureTestExecutionListener@5cba636e, org.springframework.boot.test.autoconfigure.web.servlet.WebDriverTestExecutionListener@4e24a054, org.springframework.boot.test.mock.mockito.ResetMocksTestExecutionListener@25837de5]
21:06:52.398 [Test worker] DEBUG org.springframework.test.annotation.ProfileValueUtils - Retrieved @ProfileValueSourceConfiguration [null] for test class [db.client.api.ApplicationTests]
21:06:52.399 [Test worker] DEBUG org.springframework.test.annotation.ProfileValueUtils - Retrieved ProfileValueSource type [class org.springframework.test.annotation.SystemProfileValueSource] for class [db.client.api.ApplicationTests]
21:06:52.400 [Test worker] DEBUG org.springframework.test.annotation.ProfileValueUtils - Retrieved @ProfileValueSourceConfiguration [null] for test class [db.client.api.ApplicationTests]
21:06:52.400 [Test worker] DEBUG org.springframework.test.annotation.ProfileValueUtils - Retrieved ProfileValueSource type [class org.springframework.test.annotation.SystemProfileValueSource] for class [db.client.api.ApplicationTests]
21:06:52.405 [Test worker] DEBUG org.springframework.test.context.support.AbstractDirtiesContextTestExecutionListener - Before test class: context [DefaultTestContext@7e0552e3 testClass = ApplicationTests, testInstance = [null], testMethod = [null], testException = [null], mergedContextConfiguration = [WebMergedContextConfiguration@42b96fa3 testClass = ApplicationTests, locations = '{}', classes = '{class db.client.api.Application}', contextInitializerClasses = '[]', activeProfiles = '{}', propertySourceLocations = '{}', propertySourceProperties = '{org.springframework.boot.test.context.SpringBootTestContextBootstrapper=true}', contextCustomizers = set[org.springframework.boot.test.autoconfigure.properties.PropertyMappingContextCustomizer@0, org.springframework.boot.test.autoconfigure.web.servlet.WebDriverContextCustomizerFactory$Customizer@1040a116, org.springframework.boot.test.context.filter.ExcludeFilterContextCustomizer@50c3f167, org.springframework.boot.test.json.DuplicateJsonObjectContextCustomizerFactory$DuplicateJsonObjectContextCustomizer@65cc3293, org.springframework.boot.test.mock.mockito.MockitoContextCustomizer@0, org.springframework.boot.test.web.client.TestRestTemplateContextCustomizer@6ebc296c], resourceBasePath = 'src/main/webapp', contextLoader = 'org.springframework.boot.test.context.SpringBootContextLoader', parent = [null]], attributes = map['org.springframework.test.context.web.ServletTestExecutionListener.activateListener' -> true]], class annotated with @DirtiesContext [false] with mode [null].
21:06:52.405 [Test worker] DEBUG org.springframework.test.annotation.ProfileValueUtils - Retrieved @ProfileValueSourceConfiguration [null] for test class [db.client.api.ApplicationTests]
21:06:52.406 [Test worker] DEBUG org.springframework.test.annotation.ProfileValueUtils - Retrieved ProfileValueSource type [class org.springframework.test.annotation.SystemProfileValueSource] for class [db.client.api.ApplicationTests]
21:06:52.427 [Test worker] DEBUG org.springframework.core.env.StandardEnvironment - Adding PropertySource 'systemProperties' with lowest search precedence
21:06:52.427 [Test worker] DEBUG org.springframework.core.env.StandardEnvironment - Adding PropertySource 'systemEnvironment' with lowest search precedence
21:06:52.428 [Test worker] DEBUG org.springframework.core.env.StandardEnvironment - Initialized StandardEnvironment with PropertySources [MapPropertySource@418386474 {name='systemProperties', properties={java.runtime.name=Java(TM) SE Runtime Environment, sun.boot.library.path=/usr/lib/jvm/java-8-oracle/jre/lib/amd64, java.vm.version=25.151-b12, java.vm.vendor=Oracle Corporation, java.vendor.url=http://java.oracle.com/, path.separator=:, java.vm.name=Java HotSpot(TM) 64-Bit Server VM, file.encoding.pkg=sun.io, sun.java.launcher=SUN_STANDARD, user.country=US, sun.os.patch.level=unknown, java.vm.specification.name=Java Virtual Machine Specification, user.dir=/home/travis/build/zevsnoe/alternate-mongo-client/api, java.runtime.version=1.8.0_151-b12, java.awt.graphicsenv=sun.awt.X11GraphicsEnvironment, java.endorsed.dirs=/usr/lib/jvm/java-8-oracle/jre/lib/endorsed, os.arch=amd64, java.io.tmpdir=/tmp, line.separator=
, java.vm.specification.vendor=Oracle Corporation, user.variant=, os.name=Linux, sun.jnu.encoding=UTF-8, java.library.path=/usr/java/packages/lib/amd64:/usr/lib64:/lib64:/lib:/usr/lib, java.specification.name=Java Platform API Specification, java.class.version=52.0, org.gradle.native=false, sun.management.compiler=HotSpot 64-Bit Tiered Compilers, os.version=4.14.12-041412-generic, user.home=/home/travis, user.timezone=UTC, java.awt.printerjob=sun.print.PSPrinterJob, file.encoding=UTF-8, java.specification.version=1.8, java.class.path=/home/travis/build/zevsnoe/alternate-mongo-client/api/build/classes/java/test:/home/travis/build/zevsnoe/alternate-mongo-client/api/build/resources/test:/home/travis/build/zevsnoe/alternate-mongo-client/api/build/classes/java/main:/home/travis/build/zevsnoe/alternate-mongo-client/api/build/resources/main:/home/travis/build/zevsnoe/alternate-mongo-client/app/build/libs/app-0.0.1-SNAPSHOT.jar:/home/travis/.gradle/caches/modules-2/files-2.1/org.springframework.boot/spring-boot-starter-web/2.0.1.RELEASE/88751ed76791d12425ce5a80476baf1749a44cf4/spring-boot-starter-web-2.0.1.RELEASE.jar:/home/travis/.gradle/caches/modules-2/files-2.1/org.springframework.boot/spring-boot-starter-integration/2.0.1.RELEASE/c600fe655d3020fbba851ed345cdfdf89bcd863f/spring-boot-starter-integration-2.0.1.RELEASE.jar:/home/travis/.gradle/caches/modules-2/files-2.1/io.springfox/springfox-swagger2/2.4.0/c6919bdec913eb5e8204a7757cf86f34201f6aac/springfox-swagger2-2.4.0.jar:/home/travis/.gradle/caches/modules-2/files-2.1/io.springfox/springfox-swagger-ui/2.4.0/1205fbe70fbbcf6c87b3059a45772e56d8ce6615/springfox-swagger-ui-2.4.0.jar:/home/travis/.gradle/caches/modules-2/files-2.1/org.springframework.boot/spring-boot-devtools/2.0.1.RELEASE/4286336d5897811de4f776e8491cfeddc42d2c13/spring-boot-devtools-2.0.1.RELEASE.jar:/home/travis/.gradle/caches/modules-2/files-2.1/org.springframework.boot/spring-boot-starter-test/2.0.1.RELEASE/d6204ede44fa7e1df01d25509837bfa4b767fa28/spring-boot-starter-test-2.0.1.RELEASE.jar:/home/travis/.gradle/caches/modules-2/files-2.1/junit/junit/4.12/2973d150c0dc1fefe998f834810d68f278ea58ec/junit-4.12.jar:/home/travis/.gradle/caches/modules-2/files-2.1/org.mongodb/mongodb-driver/3.6.3/d462fcc4640ac69b35e7cd2491e992c6bdf82862/mongodb-driver-3.6.3.jar:/home/travis/build/zevsnoe/alternate-mongo-client/adapter/build/libs/adapter-0.0.1-SNAPSHOT.jar:/home/travis/.gradle/caches/modules-2/files-2.1/org.springframework/spring-webmvc/5.0.5.RELEASE/a7fd53c7ad06b0fa7dd4ff347de1b2dc508739e/spring-webmvc-5.0.5.RELEASE.jar:/home/travis/.gradle/caches/modules-2/files-2.1/org.springframework.integration/spring-integration-core/5.0.4.RELEASE/40b9d49d62d317eee0c271cbfcc7dee2b56b2faa/spring-integration-core-5.0.4.RELEASE.jar:/home/travis/.gradle/caches/modules-2/files-2.1/io.springfox/springfox-swagger-common/2.4.0/8fe40ed5b97575890c82a04511e57f4c089c9a7b/springfox-swagger-common-2.4.0.jar:/home/travis/.gradle/caches/modules-2/files-2.1/io.springfox/springfox-spring-web/2.4.0/3cbfea59cc9eec05f278e68d1cbf85de98bab563/springfox-spring-web-2.4.0.jar:/home/travis/.gradle/caches/modules-2/files-2.1/io.springfox/springfox-schema/2.4.0/5ccdc3f47cf6b888bcf8fd2c127a9dc7b68057d7/springfox-schema-2.4.0.jar:/home/travis/.gradle/caches/modules-2/files-2.1/io.springfox/springfox-spi/2.4.0/c822599f794e24f3b9350cde430e848d80032306/springfox-spi-2.4.0.jar:/home/travis/.gradle/caches/modules-2/files-2.1/io.springfox/springfox-core/2.4.0/e11854b8ede27b6eafa56c29e08e6a0e7ac4c278/springfox-core-2.4.0.jar:/home/travis/.gradle/caches/modules-2/files-2.1/org.springframework.plugin/spring-plugin-metadata/1.2.0.RELEASE/97223fc496b6cab31602eedbd4202aa4fff0d44f/spring-plugin-metadata-1.2.0.RELEASE.jar:/home/travis/.gradle/caches/modules-2/files-2.1/org.springframework.plugin/spring-plugin-core/1.2.0.RELEASE/f380e7760032e7d929184f8ad8a33716b75c0657/spring-plugin-core-1.2.0.RELEASE.jar:/home/travis/.gradle/caches/modules-2/files-2.1/org.springframework.boot/spring-boot-starter-json/2.0.1.RELEASE/f2e1aeeb1ac02bfa1b4f7254633484af1866fc65/spring-boot-starter-json-2.0.1.RELEASE.jar:/home/travis/.gradle/caches/modules-2/files-2.1/org.springframework.boot/spring-boot-starter-aop/2.0.1.RELEASE/c7f7b5b5e63edca2fb04899d13d8bad83377b4b3/spring-boot-starter-aop-2.0.1.RELEASE.jar:/home/travis/.gradle/caches/modules-2/files-2.1/org.springframework.boot/spring-boot-starter/2.0.1.RELEASE/33abc1286b0aabea4f08ff4285d09e587835a716/spring-boot-starter-2.0.1.RELEASE.jar:/home/travis/.gradle/caches/modules-2/files-2.1/org.springframework.boot/spring-boot-test-autoconfigure/2.0.1.RELEASE/c7a68c07f2a04323a67740f91d20818ec2e783b3/spring-boot-test-autoconfigure-2.0.1.RELEASE.jar:/home/travis/.gradle/caches/modules-2/files-2.1/org.springframework.boot/spring-boot-autoconfigure/2.0.1.RELEASE/b0bf9d34ed70c6987a86cd58a009065e5fa02545/spring-boot-autoconfigure-2.0.1.RELEASE.jar:/home/travis/.gradle/caches/modules-2/files-2.1/org.springframework.boot/spring-boot-test/2.0.1.RELEASE/77cede07b0e9da6c87d0dabcfe3e53ac56747d73/spring-boot-test-2.0.1.RELEASE.jar:/home/travis/.gradle/caches/modules-2/files-2.1/org.springframework.boot/spring-boot/2.0.1.RELEASE/b8c5b14cbb0e52fdded8f98a8c1493cc74c7cf59/spring-boot-2.0.1.RELEASE.jar:/home/travis/.gradle/caches/modules-2/files-2.1/org.springframework/spring-context/5.0.5.RELEASE/9cca4bf5acb693249a01c218f471c677b951d6e2/spring-context-5.0.5.RELEASE.jar:/home/travis/.gradle/caches/modules-2/files-2.1/net.sf.jsqlparser/jsqlparser/0.8.0/313147ab42eb1f07584ed4aea7218f903f18a86d/jsqlparser-0.8.0.jar:/home/travis/.gradle/caches/modules-2/files-2.1/org.springframework.boot/spring-boot-starter-tomcat/2.0.1.RELEASE/4b46f4aaff6c8a5a1c8184996d5e9e8a9354db8d/spring-boot-starter-tomcat-2.0.1.RELEASE.jar:/home/travis/.gradle/caches/modules-2/files-2.1/org.hibernate.validator/hibernate-validator/6.0.9.Final/b149e4cce82379f11f6129eb3187ca8ae5404005/hibernate-validator-6.0.9.Final.jar:/home/travis/.gradle/caches/modules-2/files-2.1/org.springframework/spring-web/5.0.5.RELEASE/d51dbb5cabe72ae02e400577bac48f7fc94088de/spring-web-5.0.5.RELEASE.jar:/home/travis/.gradle/caches/modules-2/files-2.1/io.swagger/swagger-models/1.5.6/e5c36321b8bbd1e4f10858b5ceededdeeb4844e1/swagger-models-1.5.6.jar:/home/travis/.gradle/caches/modules-2/files-2.1/io.swagger/swagger-annotations/1.5.6/feb5c3bbf4d4c16b24bcccef23d234451e95abf3/swagger-annotations-1.5.6.jar:/home/travis/.gradle/caches/modules-2/files-2.1/com.google.guava/guava/18.0/cce0823396aa693798f8882e64213b1772032b09/guava-18.0.jar:/home/travis/.gradle/caches/modules-2/files-2.1/com.fasterxml/classmate/1.3.4/3d5f48f10bbe4eb7bd862f10c0583be2e0053c6/classmate-1.3.4.jar:/home/travis/.gradle/caches/modules-2/files-2.1/com.jayway.jsonpath/json-path/2.4.0/765a4401ceb2dc8d40553c2075eb80a8fa35c2ae/json-path-2.4.0.jar:/home/travis/.gradle/caches/modules-2/files-2.1/org.springframework.boot/spring-boot-starter-logging/2.0.1.RELEASE/10681a28c95e9f9c0159327a1ed0c860517c7ad7/spring-boot-starter-logging-2.0.1.RELEASE.jar:/home/travis/.gradle/caches/modules-2/files-2.1/ch.qos.logback/logback-classic/1.2.3/7c4f3c474fb2c041d8028740440937705ebb473a/logback-classic-1.2.3.jar:/home/travis/.gradle/caches/modules-2/files-2.1/org.apache.logging.log4j/log4j-to-slf4j/2.10.0/f7e631ccf49cfc0aefa4a2a728da7d374c05bd3c/log4j-to-slf4j-2.10.0.jar:/home/travis/.gradle/caches/modules-2/files-2.1/org.slf4j/jul-to-slf4j/1.7.25/af5364cd6679bfffb114f0dec8a157aaa283b76/jul-to-slf4j-1.7.25.jar:/home/travis/.gradle/caches/modules-2/files-2.1/org.slf4j/slf4j-api/1.7.25/da76ca59f6a57ee3102f8f9bd9cee742973efa8a/slf4j-api-1.7.25.jar:/home/travis/.gradle/caches/modules-2/files-2.1/org.hamcrest/hamcrest-library/1.3/4785a3c21320980282f9f33d0d1264a69040538f/hamcrest-library-1.3.jar:/home/travis/.gradle/caches/modules-2/files-2.1/org.hamcrest/hamcrest-core/1.3/42a25dc3219429f0e5d060061f71acb49bf010a0/hamcrest-core-1.3.jar:/home/travis/.gradle/caches/modules-2/files-2.1/org.assertj/assertj-core/3.9.1/c5ce126b15f28d56cd8f960c1a6a058b9c9aea87/assertj-core-3.9.1.jar:/home/travis/.gradle/caches/modules-2/files-2.1/org.mockito/mockito-core/2.15.0/b84bfbbc29cd22c9529409627af6ea2897f4fa85/mockito-core-2.15.0.jar:/home/travis/.gradle/caches/modules-2/files-2.1/org.skyscreamer/jsonassert/1.5.0/6c9d5fe2f59da598d9aefc1cfc6528ff3cf32df3/jsonassert-1.5.0.jar:/home/travis/.gradle/caches/modules-2/files-2.1/org.springframework/spring-test/5.0.5.RELEASE/f7e3b83447e54056a91de1294ae6888343648dff/spring-test-5.0.5.RELEASE.jar:/home/travis/.gradle/caches/modules-2/files-2.1/org.springframework/spring-messaging/5.0.5.RELEASE/9429853341e4206640e11125db854b5708dd0a38/spring-messaging-5.0.5.RELEASE.jar:/home/travis/.gradle/caches/modules-2/files-2.1/org.springframework/spring-tx/5.0.5.RELEASE/b772fbba533da282adc89f33e2619ee8a8bba601/spring-tx-5.0.5.RELEASE.jar:/home/travis/.gradle/caches/modules-2/files-2.1/org.springframework/spring-aop/5.0.5.RELEASE/b11b61b94d7fb752a1c9bf3461d655c3084fae47/spring-aop-5.0.5.RELEASE.jar:/home/travis/.gradle/caches/modules-2/files-2.1/org.springframework/spring-beans/5.0.5.RELEASE/984445863c0bbdaaf860615762d998b471a6bf92/spring-beans-5.0.5.RELEASE.jar:/home/travis/.gradle/caches/modules-2/files-2.1/org.springframework/spring-expression/5.0.5.RELEASE/fc6c7a95aeb7d00f4c65c338b08d97767eb0dd99/spring-expression-5.0.5.RELEASE.jar:/home/travis/.gradle/caches/modules-2/files-2.1/org.springframework/spring-core/5.0.5.RELEASE/1bd9feb1d9dac6accd27f5244b6c47cfcb55045c/spring-core-5.0.5.RELEASE.jar:/home/travis/.gradle/caches/modules-2/files-2.1/org.xmlunit/xmlunit-core/2.5.1/4ffdb346572a7356f7521cd3119ce5287d2e339d/xmlunit-core-2.5.1.jar:/home/travis/.gradle/caches/modules-2/files-2.1/org.mongodb/mongodb-driver-core/3.6.3/f2c41ad5349cdb65a6f7bde16f5ebae9a0dbe5f5/mongodb-driver-core-3.6.3.jar:/home/travis/.gradle/caches/modules-2/files-2.1/org.mongodb/bson/3.6.3/6c85ddf1fc96eb8776213bef6665d005a564ecd3/bson-3.6.3.jar:/home/travis/.gradle/caches/modules-2/files-2.1/javax.annotation/javax.annotation-api/1.3.2/934c04d3cfef185a8008e7bf34331b79730a9d43/javax.annotation-api-1.3.2.jar:/home/travis/.gradle/caches/modules-2/files-2.1/org.yaml/snakeyaml/1.19/2d998d3d674b172a588e54ab619854d073f555b5/snakeyaml-1.19.jar:/home/travis/.gradle/caches/modules-2/files-2.1/com.fasterxml.jackson.datatype/jackson-datatype-jdk8/2.9.5/23e37f085279ba316c0df923513b81609e1d1f6/jackson-datatype-jdk8-2.9.5.jar:/home/travis/.gradle/caches/modules-2/files-2.1/com.fasterxml.jackson.datatype/jackson-datatype-jsr310/2.9.5/d1f0d11e816bc04e222a261106ca138801841c2d/jackson-datatype-jsr310-2.9.5.jar:/home/travis/.gradle/caches/modules-2/files-2.1/com.fasterxml.jackson.module/jackson-module-parameter-names/2.9.5/f824c60751ffb7bfc3a0d30dfe0e42317d8e67f5/jackson-module-parameter-names-2.9.5.jar:/home/travis/.gradle/caches/modules-2/files-2.1/com.fasterxml.jackson.core/jackson-databind/2.9.5/3490508379d065fe3fcb80042b62f630f7588606/jackson-databind-2.9.5.jar:/home/travis/.gradle/caches/modules-2/files-2.1/org.apache.tomcat.embed/tomcat-embed-websocket/8.5.29/37786f4ca8a1597a91a0f437e659a76d1fcc5bf1/tomcat-embed-websocket-8.5.29.jar:/home/travis/.gradle/caches/modules-2/files-2.1/org.apache.tomcat.embed/tomcat-embed-core/8.5.29/51eac5adde4bc019261b787cb99e5548206908e6/tomcat-embed-core-8.5.29.jar:/home/travis/.gradle/caches/modules-2/files-2.1/org.apache.tomcat.embed/tomcat-embed-el/8.5.29/893fb2c87ec1aa248a7911d76c0c06b3fca6bc9b/tomcat-embed-el-8.5.29.jar:/home/travis/.gradle/caches/modules-2/files-2.1/javax.validation/validation-api/2.0.1.Final/cb855558e6271b1b32e716d24cb85c7f583ce09e/validation-api-2.0.1.Final.jar:/home/travis/.gradle/caches/modules-2/files-2.1/org.jboss.logging/jboss-logging/3.3.2.Final/3789d00e859632e6c6206adc0c71625559e6e3b0/jboss-logging-3.3.2.Final.jar:/home/travis/.gradle/caches/modules-2/files-2.1/org.aspectj/aspectjweaver/1.8.13/ad94df2a28d658a40dc27bbaff6a1ce5fbf04e9b/aspectjweaver-1.8.13.jar:/home/travis/.gradle/caches/modules-2/files-2.1/org.springframework.retry/spring-retry/1.2.2.RELEASE/638928732585c450e461f0a132b6834ad7cf3af0/spring-retry-1.2.2.RELEASE.jar:/home/travis/.gradle/caches/modules-2/files-2.1/io.projectreactor/reactor-core/3.1.6.RELEASE/64dfad0f0a0e9022c949d678106d53f083b66d05/reactor-core-3.1.6.RELEASE.jar:/home/travis/.gradle/caches/modules-2/files-2.1/com.fasterxml.jackson.core/jackson-annotations/2.9.0/7c10d545325e3a6e72e06381afe469fd40eb701/jackson-annotations-2.9.0.jar:/home/travis/.gradle/caches/modules-2/files-2.1/net.minidev/json-smart/2.3/7396407491352ce4fa30de92efb158adb76b5b/json-smart-2.3.jar:/home/travis/.gradle/caches/modules-2/files-2.1/net.bytebuddy/byte-buddy/1.7.11/f02857a4e2c66ccbe7aaad6100a0a6c461bce9b3/byte-buddy-1.7.11.jar:/home/travis/.gradle/caches/modules-2/files-2.1/net.bytebuddy/byte-buddy-agent/1.7.11/b425a8933ca07edd03c6dbc8bc3b595fba9780de/byte-buddy-agent-1.7.11.jar:/home/travis/.gradle/caches/modules-2/files-2.1/org.objenesis/objenesis/2.6/639033469776fd37c08358c6b92a4761feb2af4b/objenesis-2.6.jar:/home/travis/.gradle/caches/modules-2/files-2.1/com.vaadin.external.google/android-json/0.0.20131108.vaadin1/fa26d351fe62a6a17f5cda1287c1c6110dec413f/android-json-0.0.20131108.vaadin1.jar:/home/travis/.gradle/caches/modules-2/files-2.1/org.springframework/spring-jcl/5.0.5.RELEASE/f4a2854b9d865e8b86717595aec16f877f8c6489/spring-jcl-5.0.5.RELEASE.jar:/home/travis/.gradle/caches/modules-2/files-2.1/com.fasterxml.jackson.core/jackson-core/2.9.5/a22ac51016944b06fd9ffbc9541c6e7ce5eea117/jackson-core-2.9.5.jar:/home/travis/.gradle/caches/modules-2/files-2.1/org.reactivestreams/reactive-streams/1.0.2/323964c36556eb0e6209f65c1cef72b53b461ab8/reactive-streams-1.0.2.jar:/home/travis/.gradle/caches/modules-2/files-2.1/net.minidev/accessors-smart/1.2/c592b500269bfde36096641b01238a8350f8aa31/accessors-smart-1.2.jar:/home/travis/.gradle/caches/modules-2/files-2.1/ch.qos.logback/logback-core/1.2.3/864344400c3d4d92dfeb0a305dc87d953677c03c/logback-core-1.2.3.jar:/home/travis/.gradle/caches/modules-2/files-2.1/org.apache.logging.log4j/log4j-api/2.10.0/fec5797a55b786184a537abd39c3fa1449d752d6/log4j-api-2.10.0.jar:/home/travis/.gradle/caches/modules-2/files-2.1/org.ow2.asm/asm/5.0.4/da08b8cce7bbf903602a25a3a163ae252435795/asm-5.0.4.jar, user.name=travis, java.vm.specification.version=1.8, sun.java.command=worker.org.gradle.process.internal.worker.GradleWorkerMain 'Gradle Test Executor 2', java.home=/usr/lib/jvm/java-8-oracle/jre, sun.arch.data.model=64, user.language=en, java.specification.vendor=Oracle Corporation, awt.toolkit=sun.awt.X11.XToolkit, java.vm.info=mixed mode, java.version=1.8.0_151, java.ext.dirs=/usr/lib/jvm/java-8-oracle/jre/lib/ext:/usr/java/packages/lib/ext, sun.boot.class.path=/usr/lib/jvm/java-8-oracle/jre/lib/resources.jar:/usr/lib/jvm/java-8-oracle/jre/lib/rt.jar:/usr/lib/jvm/java-8-oracle/jre/lib/sunrsasign.jar:/usr/lib/jvm/java-8-oracle/jre/lib/jsse.jar:/usr/lib/jvm/java-8-oracle/jre/lib/jce.jar:/usr/lib/jvm/java-8-oracle/jre/lib/charsets.jar:/usr/lib/jvm/java-8-oracle/jre/lib/jfr.jar:/usr/lib/jvm/java-8-oracle/jre/classes, java.vendor=Oracle Corporation, org.gradle.test.worker=2, file.separator=/, java.vendor.url.bug=http://bugreport.sun.com/bugreport/, sun.io.unicode.encoding=UnicodeLittle, sun.cpu.endian=little, sun.cpu.isalist=}}, SystemEnvironmentPropertySource@1460700957 {name='systemEnvironment', properties={PYENV_SHELL=bash, container=docker, IRBRC=/home/travis/.rvm/rubies/ruby-2.4.1/.irbrc, PATH=/usr/lib/jvm/java-8-oracle/bin:/home/travis/bin:/home/travis/.local/bin:/opt/pyenv/shims:/home/travis/.phpenv/shims:/home/travis/perl5/perlbrew/bin:/home/travis/.kiex/elixirs/elixir-1.4.5/bin:/home/travis/.kiex/bin:/home/travis/gopath/bin:/home/travis/.gimme/versions/go1.7.4.linux.amd64/bin:/usr/local/phantomjs/bin:/usr/local/phantomjs:/usr/local/neo4j-3.2.7/bin:/usr/local/maven-3.5.2/bin:/usr/local/cmake-3.9.2/bin:/usr/local/clang-5.0.0/bin:/home/travis/.nvm/versions/node/v8.9.1/bin:/home/travis/.rvm/gems/ruby-2.4.1/bin:/home/travis/.rvm/gems/ruby-2.4.1@global/bin:/home/travis/.rvm/rubies/ruby-2.4.1/bin:/usr/local/sbin:/usr/local/bin:/usr/sbin:/usr/bin:/sbin:/bin:/home/travis/.rvm/bin:/home/travis/.phpenv/bin:/opt/pyenv/bin:/home/travis/.yarn/bin, TRAVIS_TAG=, HISTCONTROL=ignoredups:ignorespace, TRAVIS_PRE_CHEF_BOOTSTRAP_TIME=2017-12-05T19:33:30, TRAVIS_ALLOW_FAILURE=false, TRAVIS_OS_NAME=linux, rvm_loaded_flag=1, TRAVIS_COMMIT_MESSAGE=build script, ELIXIR_VERSION=1.4.5, TRAVIS_EVENT_TYPE=push, rvm_version=1.29.3 (latest), PWD=/home/travis/build/zevsnoe/alternate-mongo-client, TRAVIS_OSX_IMAGE=, HAS_ANTARES_THREE_LITTLE_FRONZIES_BADGE=true, NVM_CD_FLAGS=, TRAVIS_SECURE_ENV_VARS=true, PYTHON_CFLAGS=-g -fstack-protector --param=ssp-buffer-size=4 -Wformat -Werror=format-security, PAGER=cat, MY_RUBY_HOME=/home/travis/.rvm/rubies/ruby-2.4.1, MYSQL_UNIX_PORT=/var/run/mysqld/mysqld.sock, PERLBREW_BASHRC_VERSION=0.80, JDK_SWITCHER_DEFAULT=oraclejdk8, rvm_path=/home/travis/.rvm, LC_ALL=en_US.UTF-8, MIX_ARCHIVES=/home/travis/.kiex/mix/elixir-1.4.5, SHLVL=1, PYTHON_CONFIGURE_OPTS=--enable-unicode=ucs4 --with-wide-unicode --enable-shared --enable-ipv6 --enable-loadable-sqlite-extensions --with-computed-gotos, HISTSIZE=1000, JAVA_HOME=/usr/lib/jvm/java-8-oracle, TERM=dumb, TRAVIS_JOB_NUMBER=14.1, RACK_ENV=test, MERB_ENV=test, TRAVIS_UID=2000, TRAVIS_LANGUAGE=java, TRAVIS_BRANCH=master, _=./gradlew, TRAVIS=true, CI=true, TRAVIS_FILTERED=pty, SECRET_0=956178f7265881c0f98504bd9209ee44f2208d62, TRAVIS_STACK_NAME=garnet, PERLBREW_HOME=/home/travis/.perlbrew, TRAVIS_STACK_JOB_BOARD_REGISTER=/.job-board-register.yml, TRAVIS_COMMIT_RANGE=3f9e7c2412df...9890fab463d7, TRAVIS_STACK_TIMESTAMP=2017-12-05 19:33:46 UTC, GOROOT=/home/travis/.gimme/versions/go1.7.4.linux.amd64, TRAVIS_PULL_REQUEST_SHA=, rvm_stored_umask=0022, TRAVIS_COMMIT=9890fab463d7d14454d150e32e1d7ff010326711, TRAVIS_REPO_SLUG=zevsnoe/alternate-mongo-client, TRAVIS_BUILD_STAGE_NAME=, GEM_PATH=/home/travis/.rvm/gems/ruby-2.4.1:/home/travis/.rvm/gems/ruby-2.4.1@global, NLSPATH=/usr/dt/lib/nls/msg/%L/%N.cat, PERLBREW_ROOT=/home/travis/perl5/perlbrew, NVM_BIN=/home/travis/.nvm/versions/node/v8.9.1/bin, TZ=UTC, TRAVIS_JOB_ID=377463532, RBENV_SHELL=bash, TRAVIS_PULL_REQUEST_BRANCH=, TRAVIS_SUDO=false, TRAVIS_JDK_VERSION=oraclejdk8, PS1=${debian_chroot:+($debian_chroot)}\u@\h:\w\$ , PS4=+, TRAVIS_STACK_FEATURES=basic cassandra chromium couchdb disabled-ipv6 docker docker-compose elasticsearch firefox go-toolchain google-chrome jdk memcached mongodb mysql neo4j nodejs_interpreter perl_interpreter perlbrew phantomjs postgresql python_interpreter rabbitmq redis riak ruby_interpreter sqlite xserver, GIT_ASKPASS=echo, rvm_user_install_flag=1, RAILS_ENV=test, COMPOSER_NO_INTERACTION=1, SHELL=/bin/bash, GITHUB_TOKEN=956178f7265881c0f98504bd9209ee44f2208d62, PYENV_ROOT=/opt/pyenv, OLDPWD=/home/travis/build/zevsnoe/alternate-mongo-client, GOPATH=/home/travis/gopath, GEM_HOME=/home/travis/.rvm/gems/ruby-2.4.1, TRAVIS_STACK_NODE_ATTRIBUTES=/.node-attributes.yml, CONTINUOUS_INTEGRATION=true, RUBY_VERSION=ruby-2.4.1, DEBIAN_FRONTEND=noninteractive, _system_name=Ubuntu, _JAVA_OPTIONS=-Xmx2048m -Xms512m, TRAVIS_BUILD_NUMBER=14, HAS_JOSH_K_SEAL_OF_APPROVAL=true, _system_arch=x86_64, MANPATH=/home/travis/.nvm/versions/node/v8.9.1/share/man:/home/travis/.kiex/elixirs/elixir-1.4.5/man:/home/travis/.rvm/rubies/ruby-2.4.1/share/man:/usr/local/man:/usr/local/cmake-3.9.2/man:/usr/local/clang-5.0.0/share/man:/usr/local/share/man:/usr/share/man:/home/travis/.rvm/man, TRAVIS_STACK_LANGUAGES=__garnet__ c c++ clojure cplusplus cpp default go groovy java node_js php pure_java python ruby scala, rvm_bin_path=/home/travis/.rvm/bin, TRAVIS_BUILD_ID=377463531, rvm_prefix=/home/travis, XFILESEARCHPATH=/usr/dt/app-defaults/%L/Dt, LANG=en_US.UTF-8, TRAVIS_PULL_REQUEST=false, HISTFILESIZE=2000, JRUBY_OPTS= --client -J-XX:+TieredCompilation -J-XX:TieredStopAtLevel=1 -J-Xss2m -Xcompile.invokedynamic=false, TRAVIS_PULL_REQUEST_SLUG=, NVM_DIR=/home/travis/.nvm, _system_type=Linux, TRAVIS_BUILD_DIR=/home/travis/build/zevsnoe/alternate-mongo-client, _system_version=14.04, USER=travis, HOSTNAME=travis-job-zevsnoe-alternate-mong-377463532, HOME=/home/travis, MALLOC_ARENA_MAX=2}}]
21:06:52.431 [Test worker] DEBUG org.springframework.test.context.support.TestPropertySourceUtils - Adding inlined properties to environment: {spring.jmx.enabled=false, org.springframework.boot.test.context.SpringBootTestContextBootstrapper=true, server.port=-1}
21:06:52.432 [Test worker] DEBUG org.springframework.core.env.StandardEnvironment - Adding PropertySource 'Inlined Test Properties' with highest search precedence

  .   ____          _            __ _ _
 /\\ / ___'_ __ _ _(_)_ __  __ _ \ \ \ \
( ( )\___ | '_ | '_| | '_ \/ _` | \ \ \ \
 \\/  ___)| |_)| | | | | || (_| |  ) ) ) )
  '  |____| .__|_| |_|_| |_\__, | / / / /
 =========|_|==============|___/=/_/_/_/
 :: Spring Boot ::        (v2.0.1.RELEASE)

2018-05-10 21:06:52.882  INFO 3146 --- [    Test worker] db.client.api.ApplicationTests           : Starting ApplicationTests on travis-job-zevsnoe-alternate-mong-377463532.travisci.net with PID 3146 (started by travis in /home/travis/build/zevsnoe/alternate-mongo-client/api)
2018-05-10 21:06:52.898  INFO 3146 --- [    Test worker] db.client.api.ApplicationTests           : No active profile set, falling back to default profiles: default
2018-05-10 21:06:52.978  INFO 3146 --- [    Test worker] o.s.w.c.s.GenericWebApplicationContext   : Refreshing org.springframework.web.context.support.GenericWebApplicationContext@542f9cf5: startup date [Thu May 10 21:06:52 UTC 2018]; root of context hierarchy
2018-05-10 21:06:54.193  INFO 3146 --- [    Test worker] o.s.i.config.IntegrationRegistrar        : No bean named 'integrationHeaderChannelRegistry' has been explicitly defined. Therefore, a default DefaultHeaderChannelRegistry will be created.
2018-05-10 21:06:54.667  INFO 3146 --- [    Test worker] faultConfiguringBeanFactoryPostProcessor : No bean named 'errorChannel' has been explicitly defined. Therefore, a default PublishSubscribeChannel will be created.
2018-05-10 21:06:54.674  INFO 3146 --- [    Test worker] faultConfiguringBeanFactoryPostProcessor : No bean named 'taskScheduler' has been explicitly defined. Therefore, a default ThreadPoolTaskScheduler will be created.
2018-05-10 21:06:54.901  INFO 3146 --- [    Test worker] trationDelegate$BeanPostProcessorChecker : Bean 'org.springframework.integration.config.IntegrationManagementConfiguration' of type [org.springframework.integration.config.IntegrationManagementConfiguration$$EnhancerBySpringCGLIB$$d39b8fce] is not eligible for getting processed by all BeanPostProcessors (for example: not eligible for auto-proxying)
2018-05-10 21:06:55.519  INFO 3146 --- [    Test worker] s.w.s.m.m.a.RequestMappingHandlerMapping : Mapped "{[/db/client/{dbType}/execute],methods=[POST],produces=[application/json]}" onto public db.client.api.dto.QueryResultDto db.client.api.controller.DBClientInteractionController.execute(java.lang.String,java.lang.String)
2018-05-10 21:06:55.521  INFO 3146 --- [    Test worker] s.w.s.m.m.a.RequestMappingHandlerMapping : Mapped "{[/v2/api-docs],methods=[GET],produces=[application/json || application/hal+json]}" onto public org.springframework.http.ResponseEntity<springfox.documentation.spring.web.json.Json> springfox.documentation.swagger2.web.Swagger2Controller.getDocumentation(java.lang.String,javax.servlet.http.HttpServletRequest)
2018-05-10 21:06:55.525  INFO 3146 --- [    Test worker] s.w.s.m.m.a.RequestMappingHandlerMapping : Mapped "{[/configuration/security]}" onto org.springframework.http.ResponseEntity<springfox.documentation.swagger.web.SecurityConfiguration> springfox.documentation.swagger.web.ApiResourceController.securityConfiguration()
2018-05-10 21:06:55.525  INFO 3146 --- [    Test worker] s.w.s.m.m.a.RequestMappingHandlerMapping : Mapped "{[/configuration/ui]}" onto org.springframework.http.ResponseEntity<springfox.documentation.swagger.web.UiConfiguration> springfox.documentation.swagger.web.ApiResourceController.uiConfiguration()
2018-05-10 21:06:55.526  INFO 3146 --- [    Test worker] s.w.s.m.m.a.RequestMappingHandlerMapping : Mapped "{[/swagger-resources]}" onto org.springframework.http.ResponseEntity<java.util.List<springfox.documentation.swagger.web.SwaggerResource>> springfox.documentation.swagger.web.ApiResourceController.swaggerResources()
2018-05-10 21:06:55.531  INFO 3146 --- [    Test worker] s.w.s.m.m.a.RequestMappingHandlerMapping : Mapped "{[/error],produces=[text/html]}" onto public org.springframework.web.servlet.ModelAndView org.springframework.boot.autoconfigure.web.servlet.error.BasicErrorController.errorHtml(javax.servlet.http.HttpServletRequest,javax.servlet.http.HttpServletResponse)
2018-05-10 21:06:55.532  INFO 3146 --- [    Test worker] s.w.s.m.m.a.RequestMappingHandlerMapping : Mapped "{[/error]}" onto public org.springframework.http.ResponseEntity<java.util.Map<java.lang.String, java.lang.Object>> org.springframework.boot.autoconfigure.web.servlet.error.BasicErrorController.error(javax.servlet.http.HttpServletRequest)
2018-05-10 21:06:55.701  INFO 3146 --- [    Test worker] o.s.w.s.handler.SimpleUrlHandlerMapping  : Root mapping to handler of type [class org.springframework.web.servlet.mvc.ParameterizableViewController]
2018-05-10 21:06:55.723  INFO 3146 --- [    Test worker] o.s.w.s.handler.SimpleUrlHandlerMapping  : Mapped URL path [/swagger-ui.html] onto handler of type [class org.springframework.web.servlet.resource.ResourceHttpRequestHandler]
2018-05-10 21:06:55.723  INFO 3146 --- [    Test worker] o.s.w.s.handler.SimpleUrlHandlerMapping  : Mapped URL path [/webjars/**] onto handler of type [class org.springframework.web.servlet.resource.ResourceHttpRequestHandler]
2018-05-10 21:06:55.784  INFO 3146 --- [    Test worker] s.w.s.m.m.a.RequestMappingHandlerAdapter : Looking for @ControllerAdvice: org.springframework.web.context.support.GenericWebApplicationContext@542f9cf5: startup date [Thu May 10 21:06:52 UTC 2018]; root of context hierarchy
2018-05-10 21:06:56.552  INFO 3146 --- [    Test worker] o.s.s.c.ThreadPoolTaskScheduler          : Initializing ExecutorService  'taskScheduler'
2018-05-10 21:06:56.953  INFO 3146 --- [    Test worker] org.mongodb.driver.cluster               : Cluster created with settings {hosts=[localhost:27017], mode=SINGLE, requiredClusterType=UNKNOWN, serverSelectionTimeout='30000 ms', maxWaitQueueSize=500}
2018-05-10 21:06:57.053  INFO 3146 --- [localhost:27017] org.mongodb.driver.cluster               : Exception in monitor thread while connecting to server localhost:27017

com.mongodb.MongoSocketOpenException: Exception opening socket
	at com.mongodb.connection.SocketStream.open(SocketStream.java:62) ~[mongodb-driver-core-3.6.3.jar:na]
	at com.mongodb.connection.InternalStreamConnection.open(InternalStreamConnection.java:126) ~[mongodb-driver-core-3.6.3.jar:na]
	at com.mongodb.connection.DefaultServerMonitor$ServerMonitorRunnable.run(DefaultServerMonitor.java:114) ~[mongodb-driver-core-3.6.3.jar:na]
	at java.lang.Thread.run(Thread.java:748) [na:1.8.0_151]
Caused by: java.net.ConnectException: Connection refused (Connection refused)
	at java.net.PlainSocketImpl.socketConnect(Native Method) ~[na:1.8.0_151]
	at java.net.AbstractPlainSocketImpl.doConnect(AbstractPlainSocketImpl.java:350) ~[na:1.8.0_151]
	at java.net.AbstractPlainSocketImpl.connectToAddress(AbstractPlainSocketImpl.java:206) ~[na:1.8.0_151]
	at java.net.AbstractPlainSocketImpl.connect(AbstractPlainSocketImpl.java:188) ~[na:1.8.0_151]
	at java.net.SocksSocketImpl.connect(SocksSocketImpl.java:392) ~[na:1.8.0_151]
	at java.net.Socket.connect(Socket.java:589) ~[na:1.8.0_151]
	at com.mongodb.connection.SocketStreamHelper.initialize(SocketStreamHelper.java:59) ~[mongodb-driver-core-3.6.3.jar:na]
	at com.mongodb.connection.SocketStream.open(SocketStream.java:57) ~[mongodb-driver-core-3.6.3.jar:na]
	... 3 common frames omitted

2018-05-10 21:06:57.246  INFO 3146 --- [    Test worker] o.s.c.support.DefaultLifecycleProcessor  : Starting beans in phase 0
2018-05-10 21:06:57.247  INFO 3146 --- [    Test worker] o.s.i.endpoint.EventDrivenConsumer       : Adding {logging-channel-adapter:_org.springframework.integration.errorLogger} as a subscriber to the 'errorChannel' channel
2018-05-10 21:06:57.248  INFO 3146 --- [    Test worker] o.s.i.channel.PublishSubscribeChannel    : Channel 'application.errorChannel' has 1 subscriber(s).
2018-05-10 21:06:57.248  INFO 3146 --- [    Test worker] o.s.i.endpoint.EventDrivenConsumer       : started _org.springframework.integration.errorLogger
2018-05-10 21:06:57.255  INFO 3146 --- [    Test worker] d.s.w.p.DocumentationPluginsBootstrapper : Context refreshed
2018-05-10 21:06:57.277  INFO 3146 --- [    Test worker] d.s.w.p.DocumentationPluginsBootstrapper : Found 1 custom documentation plugin(s)
2018-05-10 21:06:57.290  INFO 3146 --- [    Test worker] s.d.s.w.s.ApiListingReferenceScanner     : Scanning for api listing references
2018-05-10 21:06:57.468  INFO 3146 --- [    Test worker] db.client.api.ApplicationTests           : Started ApplicationTests in 5.026 seconds (JVM running for 6.245)
]]></system-out>
  <system-err><![CDATA[]]></system-err>
</testsuite>
